<?xml version="1.0" encoding="UTF-8"?>
<!-- Generated by org.testng.reporters.JUnitReportReporter -->
<testsuite hostname="DESKTOP-DNQIM9N" failures="0" tests="1" name="Invoice.TC_33" time="25.025" errors="0" timestamp="2022-02-04T18:35:49 IST" skipped="0">
  <testcase classname="Invoice.TC_33" name="AssignedToInvoice" time="25.025"/>
  <system-out/>
</testsuite> <!-- Invoice.TC_33 -->
