<?xml version="1.0" encoding="UTF-8"?>
<!-- Generated by org.testng.reporters.JUnitReportReporter -->
<testsuite hostname="DESKTOP-DNQIM9N" failures="0" tests="4" name="testNG_Advanced.TC_Support_001" time="95.010" errors="0" timestamp="2022-01-26T20:52:23 IST" skipped="0">
  <testcase classname="testNG_Advanced.TC_Support_001" name="createARequest" time="17.709"/>
  <system-out/>
  <testcase classname="testNG_Advanced.TC_Support_001" name="createARequest" time="26.671"/>
  <system-out/>
  <testcase classname="testNG_Advanced.TC_Support_001" name="createARequest" time="34.623"/>
  <system-out/>
  <testcase classname="testNG_Advanced.TC_Support_001" name="createARequest" time="16.007"/>
  <system-out/>
</testsuite> <!-- testNG_Advanced.TC_Support_001 -->
