<?xml version="1.0" encoding="UTF-8"?>
<!-- Generated by org.testng.reporters.JUnitReportReporter -->
<testsuite hostname="DESKTOP-DNQIM9N" failures="0" tests="1" name="Invoice.TC_34" time="32.577" errors="0" timestamp="2022-02-04T18:51:58 IST" skipped="0">
  <testcase classname="Invoice.TC_34" name="AssignedToInvoice4" time="32.577"/>
  <system-out/>
</testsuite> <!-- Invoice.TC_34 -->
