<?xml version="1.0" encoding="UTF-8"?>
<!-- Generated by org.testng.reporters.JUnitReportReporter -->
<testsuite hostname="DESKTOP-DNQIM9N" failures="0" tests="2" name="testNG_Basics.TC_Loans_101" time="0.015" errors="0" timestamp="2022-01-27T21:25:38 IST" skipped="0">
  <testcase classname="testNG_Basics.TC_Loans_101" name="deleteLoan" time="0.002"/>
  <system-out>
we are adding learning how to add log in report  </system-out>
  <testcase classname="testNG_Basics.TC_Loans_101" name="deleteLoan" time="0.013"/>
  <system-out>
we are adding learning how to add log in report  </system-out>
</testsuite> <!-- testNG_Basics.TC_Loans_101 -->
