<?xml version="1.0" encoding="UTF-8"?>
<!-- Generated by org.testng.reporters.JUnitReportReporter -->
<testsuite hostname="DESKTOP-DNQIM9N" failures="0" tests="1" name="testNG_Basics.TC_Loans_101" time="0.008" errors="0" timestamp="2022-01-26T20:36:00 IST" skipped="0">
  <testcase classname="testNG_Basics.TC_Loans_101" name="deleteLoan" time="0.008"/>
  <system-out>
we are adding learning how to add log in report  </system-out>
</testsuite> <!-- testNG_Basics.TC_Loans_101 -->
