<?xml version="1.0" encoding="UTF-8"?>
<!-- Generated by org.testng.reporters.JUnitReportReporter -->
<testsuite hostname="DESKTOP-DNQIM9N" failures="0" tests="2" name="testNG_Basics.TC_Loans_102" time="126.511" errors="0" timestamp="2022-01-23T23:37:02 IST" skipped="0">
  <testcase classname="testNG_Basics.TC_Loans_102" name="lenskart" time="107.075"/>
  <system-out/>
  <testcase classname="testNG_Basics.TC_Loans_102" name="lenovo" time="19.436"/>
  <system-out/>
</testsuite> <!-- testNG_Basics.TC_Loans_102 -->
