<?xml version="1.0" encoding="UTF-8"?>
<!-- Generated by org.testng.reporters.JUnitReportReporter -->
<testsuite hostname="DESKTOP-DNQIM9N" failures="0" tests="1" name="Invoice.TC_32" time="16.907" errors="0" timestamp="2022-02-04T17:43:24 IST" skipped="0">
  <testcase classname="Invoice.TC_32" name="AssignedToInvoice" time="16.907"/>
  <system-out/>
</testsuite> <!-- Invoice.TC_32 -->
