<?xml version="1.0" encoding="UTF-8"?>
<!-- Generated by org.testng.reporters.JUnitReportReporter -->
<testsuite hostname="DESKTOP-DNQIM9N" failures="0" tests="1" name="testNG_Advanced.TC_Congiguration_001" time="0.005" errors="0" timestamp="2022-01-28T10:57:46 IST" skipped="0">
  <testcase classname="testNG_Advanced.TC_Congiguration_001" name="modifyLoan" time="0.005"/>
  <system-out>
from modify before suite method  </system-out>
</testsuite> <!-- testNG_Advanced.TC_Congiguration_001 -->
