<?xml version="1.0" encoding="UTF-8"?>
<!-- Generated by org.testng.reporters.JUnitReportReporter -->
<testsuite hostname="DESKTOP-DNQIM9N" failures="0" tests="1" name="testNG_Basics.TC_Loan_003" time="7.237" errors="0" timestamp="2022-01-27T20:49:14 IST" skipped="0">
  <testcase classname="testNG_Basics.TC_Loan_003" name="createLoan" time="7.237"/>
  <system-out/>
</testsuite> <!-- testNG_Basics.TC_Loan_003 -->
