<?xml version="1.0" encoding="UTF-8"?>
<!-- Generated by org.testng.reporters.JUnitReportReporter -->
<testsuite hostname="DESKTOP-DNQIM9N" failures="0" tests="1" name="TestScript.TC_33" time="18.864" errors="0" timestamp="2022-02-05T14:14:03 IST" skipped="0">
  <testcase classname="TestScript.TC_33" name="AssignedToInvoice3" time="18.864"/>
  <system-out/>
</testsuite> <!-- TestScript.TC_33 -->
