<?xml version="1.0" encoding="UTF-8"?>
<!-- Generated by org.testng.reporters.JUnitReportReporter -->
<testsuite hostname="DESKTOP-DNQIM9N" failures="0" tests="1" name="TestScript.TC_32" time="15.157" errors="0" timestamp="2022-02-05T14:10:23 IST" skipped="0">
  <testcase classname="TestScript.TC_32" name="AssignedToInvoice2" time="15.157"/>
  <system-out/>
</testsuite> <!-- TestScript.TC_32 -->
