<?xml version="1.0" encoding="UTF-8"?>
<!-- Generated by org.testng.reporters.JUnitReportReporter -->
<testsuite hostname="DESKTOP-DNQIM9N" failures="0" tests="1" name="TestScript.TC_34" time="21.765" errors="0" timestamp="2022-02-05T14:16:12 IST" skipped="0">
  <testcase classname="TestScript.TC_34" name="AssignedToInvoice4" time="21.765"/>
  <system-out/>
</testsuite> <!-- TestScript.TC_34 -->
